TN:
SF:tools.js
FN:20,tokenValidation
FN:36,getAvailableSlots
FN:173,findClosestBarbers
FN:223,searchBarber
FN:296,sendNotification
FN:330,findWaitListAppointment
FN:367,getNumberOfAppointmentsToday
FN:389,getNumberOfProductsPurchasedToday
FN:409,getNumberOfCancelledAppointments
FN:429,getNextAppointments
FN:448,getNumberOfCompletedAppointmentsToday
FN:466,getNumberOfAppointmentsPastWeek
FN:486,getEstimatedRevenue
FN:520,getTotalBookedHours
FN:592,messageTranslate
FN:674,sendToManyNotification
FNF:16
FNH:14
FNDA:2,tokenValidation
FNDA:17,getAvailableSlots
FNDA:1,findClosestBarbers
FNDA:1,searchBarber
FNDA:0,sendNotification
FNDA:4,findWaitListAppointment
FNDA:11,getNumberOfAppointmentsToday
FNDA:8,getNumberOfProductsPurchasedToday
FNDA:7,getNumberOfCancelledAppointments
FNDA:3,getNextAppointments
FNDA:8,getNumberOfCompletedAppointmentsToday
FNDA:6,getNumberOfAppointmentsPastWeek
FNDA:5,getEstimatedRevenue
FNDA:4,getTotalBookedHours
FNDA:10,messageTranslate
FNDA:0,sendToManyNotification
DA:1,1
DA:2,1
DA:3,1
DA:4,1
DA:5,1
DA:6,1
DA:7,1
DA:8,1
DA:9,1
DA:10,1
DA:11,1
DA:12,1
DA:13,1
DA:14,1
DA:15,1
DA:16,1
DA:17,1
DA:18,1
DA:19,1
DA:20,1
DA:21,2
DA:22,2
DA:23,2
DA:24,2
DA:25,2
DA:26,2
DA:27,1
DA:28,1
DA:29,1
DA:30,1
DA:31,1
DA:32,1
DA:33,1
DA:34,2
DA:35,1
DA:36,17
DA:37,17
DA:38,17
DA:39,17
DA:40,17
DA:41,17
DA:42,17
DA:43,17
DA:44,17
DA:45,17
DA:46,17
DA:47,71
DA:48,1
DA:49,1
DA:50,1
DA:51,1
DA:52,1
DA:53,1
DA:54,1
DA:55,1
DA:56,1
DA:57,1
DA:58,1
DA:59,1
DA:60,1
DA:61,1
DA:62,70
DA:63,70
DA:64,70
DA:65,17
DA:66,17
DA:67,17
DA:68,17
DA:69,17
DA:70,17
DA:71,17
DA:72,17
DA:73,17
DA:74,17
DA:75,17
DA:76,17
DA:77,17
DA:78,17
DA:79,17
DA:80,17
DA:81,17
DA:82,17
DA:83,17
DA:84,17
DA:85,71
DA:86,71
DA:87,71
DA:88,71
DA:89,122
DA:90,122
DA:91,122
DA:92,122
DA:93,122
DA:94,51
DA:95,51
DA:96,51
DA:97,0
DA:98,0
DA:99,0
DA:100,0
DA:101,0
DA:102,0
DA:103,0
DA:104,0
DA:105,0
DA:106,51
DA:107,51
DA:108,71
DA:109,71
DA:110,71
DA:111,122
DA:112,122
DA:113,122
DA:114,4
DA:115,4
DA:116,4
DA:117,4
DA:118,4
DA:119,4
DA:120,4
DA:121,67
DA:122,67
DA:123,67
DA:124,67
DA:125,67
DA:126,45
DA:127,45
DA:128,45
DA:129,45
DA:130,45
DA:131,45
DA:132,45
DA:133,22
DA:134,22
DA:135,22
DA:136,15
DA:137,15
DA:138,15
DA:139,15
DA:140,15
DA:141,15
DA:142,15
DA:143,71
DA:144,71
DA:145,71
DA:146,71
DA:147,71
DA:148,71
DA:149,71
DA:150,51
DA:151,51
DA:152,51
DA:153,51
DA:154,51
DA:155,51
DA:156,51
DA:157,20
DA:158,20
DA:159,20
DA:160,8
DA:161,8
DA:162,8
DA:163,8
DA:164,8
DA:165,8
DA:166,8
DA:167,71
DA:168,17
DA:169,17
DA:170,17
DA:171,17
DA:172,1
DA:173,1
DA:174,1
DA:175,1
DA:176,1
DA:177,1
DA:178,1
DA:179,1
DA:180,1
DA:181,1
DA:182,1
DA:183,1
DA:184,15
DA:185,15
DA:186,15
DA:187,15
DA:188,15
DA:189,1
DA:190,1
DA:191,1
DA:192,1
DA:193,1
DA:194,1
DA:195,1
DA:196,1
DA:197,1
DA:198,1
DA:199,1
DA:200,10
DA:201,10
DA:202,10
DA:203,10
DA:204,10
DA:205,10
DA:206,10
DA:207,10
DA:208,10
DA:209,10
DA:210,10
DA:211,10
DA:212,10
DA:213,10
DA:214,10
DA:215,10
DA:216,10
DA:217,1
DA:218,1
DA:219,1
DA:220,1
DA:221,1
DA:222,1
DA:223,1
DA:224,1
DA:225,1
DA:226,1
DA:227,1
DA:228,1
DA:229,1
DA:230,1
DA:231,1
DA:232,1
DA:233,1
DA:234,1
DA:235,1
DA:236,1
DA:237,1
DA:238,1
DA:239,15
DA:240,15
DA:241,15
DA:242,0
DA:243,0
DA:244,15
DA:245,15
DA:246,0
DA:247,0
DA:248,15
DA:249,15
DA:250,1
DA:251,1
DA:252,1
DA:253,1
DA:254,15
DA:255,15
DA:256,15
DA:257,15
DA:258,15
DA:259,15
DA:260,15
DA:261,15
DA:262,15
DA:263,15
DA:264,0
DA:265,0
DA:266,0
DA:267,0
DA:268,0
DA:269,0
DA:270,0
DA:271,0
DA:272,0
DA:273,0
DA:274,0
DA:275,0
DA:276,0
DA:277,0
DA:278,0
DA:279,0
DA:280,15
DA:281,15
DA:282,15
DA:283,15
DA:284,15
DA:285,15
DA:286,15
DA:287,15
DA:288,15
DA:289,15
DA:290,1
DA:291,1
DA:292,1
DA:293,1
DA:294,1
DA:295,1
DA:296,0
DA:297,0
DA:298,0
DA:299,0
DA:300,0
DA:301,0
DA:302,0
DA:303,0
DA:304,0
DA:305,0
DA:306,0
DA:307,0
DA:308,0
DA:309,0
DA:310,0
DA:311,0
DA:312,0
DA:313,0
DA:314,0
DA:315,0
DA:316,0
DA:317,0
DA:318,0
DA:319,0
DA:320,0
DA:321,0
DA:322,0
DA:323,0
DA:324,0
DA:325,0
DA:326,0
DA:327,0
DA:328,0
DA:329,1
DA:330,4
DA:331,4
DA:332,4
DA:333,4
DA:334,4
DA:335,4
DA:336,4
DA:337,4
DA:338,4
DA:339,4
DA:340,4
DA:341,4
DA:342,4
DA:343,4
DA:344,4
DA:345,4
DA:346,4
DA:347,4
DA:348,4
DA:349,4
DA:350,4
DA:351,4
DA:352,4
DA:353,4
DA:354,4
DA:355,4
DA:356,4
DA:357,4
DA:358,4
DA:359,75
DA:360,75
DA:361,75
DA:362,75
DA:363,75
DA:364,75
DA:365,4
DA:366,1
DA:367,1
DA:368,11
DA:369,11
DA:370,11
DA:371,11
DA:372,11
DA:373,11
DA:374,11
DA:375,11
DA:376,11
DA:377,11
DA:378,11
DA:379,11
DA:380,11
DA:381,11
DA:382,11
DA:383,11
DA:384,11
DA:385,11
DA:386,11
DA:387,1
DA:388,1
DA:389,1
DA:390,8
DA:391,8
DA:392,8
DA:393,8
DA:394,8
DA:395,8
DA:396,8
DA:397,8
DA:398,8
DA:399,8
DA:400,8
DA:401,8
DA:402,8
DA:403,8
DA:404,8
DA:405,8
DA:406,8
DA:407,8
DA:408,1
DA:409,1
DA:410,7
DA:411,7
DA:412,7
DA:413,7
DA:414,7
DA:415,7
DA:416,7
DA:417,7
DA:418,7
DA:419,7
DA:420,7
DA:421,7
DA:422,7
DA:423,7
DA:424,7
DA:425,7
DA:426,7
DA:427,1
DA:428,1
DA:429,1
DA:430,3
DA:431,3
DA:432,3
DA:433,3
DA:434,3
DA:435,3
DA:436,3
DA:437,3
DA:438,3
DA:439,3
DA:440,3
DA:441,3
DA:442,3
DA:443,3
DA:444,3
DA:445,3
DA:446,1
DA:447,1
DA:448,1
DA:449,8
DA:450,8
DA:451,8
DA:452,8
DA:453,8
DA:454,8
DA:455,8
DA:456,8
DA:457,8
DA:458,8
DA:459,8
DA:460,8
DA:461,8
DA:462,8
DA:463,8
DA:464,8
DA:465,1
DA:466,1
DA:467,6
DA:468,6
DA:469,6
DA:470,6
DA:471,6
DA:472,6
DA:473,6
DA:474,6
DA:475,6
DA:476,6
DA:477,6
DA:478,6
DA:479,6
DA:480,6
DA:481,6
DA:482,6
DA:483,6
DA:484,6
DA:485,1
DA:486,1
DA:487,5
DA:488,5
DA:489,5
DA:490,5
DA:491,5
DA:492,5
DA:493,5
DA:494,5
DA:495,5
DA:496,5
DA:497,5
DA:498,5
DA:499,5
DA:500,5
DA:501,5
DA:502,5
DA:503,5
DA:504,5
DA:505,5
DA:506,5
DA:507,5
DA:508,5
DA:509,5
DA:510,5
DA:511,5
DA:512,5
DA:513,5
DA:514,5
DA:515,5
DA:516,5
DA:517,5
DA:518,1
DA:519,1
DA:520,1
DA:521,4
DA:522,4
DA:523,4
DA:524,4
DA:525,4
DA:526,4
DA:527,4
DA:528,4
DA:529,4
DA:530,4
DA:531,4
DA:532,4
DA:533,4
DA:534,4
DA:535,4
DA:536,4
DA:537,4
DA:538,4
DA:539,4
DA:540,4
DA:541,4
DA:542,4
DA:543,4
DA:544,4
DA:545,4
DA:546,4
DA:547,4
DA:548,4
DA:549,4
DA:550,4
DA:551,4
DA:552,4
DA:553,4
DA:554,4
DA:555,4
DA:556,4
DA:557,4
DA:558,4
DA:559,4
DA:560,4
DA:561,4
DA:562,4
DA:563,4
DA:564,4
DA:565,4
DA:566,4
DA:567,4
DA:568,4
DA:569,4
DA:570,4
DA:571,4
DA:572,4
DA:573,4
DA:574,4
DA:575,4
DA:576,4
DA:577,4
DA:578,4
DA:579,4
DA:580,4
DA:581,4
DA:582,4
DA:583,4
DA:584,4
DA:585,4
DA:586,4
DA:587,4
DA:588,4
DA:589,4
DA:590,4
DA:591,1
DA:592,1
DA:593,10
DA:594,10
DA:595,10
DA:596,10
DA:597,10
DA:598,10
DA:599,10
DA:600,10
DA:601,10
DA:602,5
DA:603,5
DA:604,1
DA:605,1
DA:606,1
DA:607,1
DA:608,4
DA:609,4
DA:610,1
DA:611,1
DA:612,1
DA:613,1
DA:614,3
DA:615,3
DA:616,1
DA:617,1
DA:618,1
DA:619,1
DA:620,2
DA:621,2
DA:622,1
DA:623,1
DA:624,1
DA:625,1
DA:626,1
DA:627,1
DA:628,1
DA:629,1
DA:630,1
DA:631,1
DA:632,5
DA:633,5
DA:634,5
DA:635,5
DA:636,5
DA:637,1
DA:638,1
DA:639,1
DA:640,1
DA:641,4
DA:642,4
DA:643,1
DA:644,1
DA:645,1
DA:646,1
DA:647,3
DA:648,3
DA:649,1
DA:650,1
DA:651,1
DA:652,1
DA:653,2
DA:654,2
DA:655,1
DA:656,1
DA:657,1
DA:658,1
DA:659,1
DA:660,1
DA:661,1
DA:662,1
DA:663,1
DA:664,1
DA:665,5
DA:666,10
DA:667,10
DA:668,10
DA:669,10
DA:670,0
DA:671,0
DA:672,10
DA:673,1
DA:674,1
DA:675,0
DA:676,0
DA:677,0
DA:678,0
DA:679,1
DA:680,1
LF:680
LH:612
BRDA:20,0,0,2
BRDA:26,1,0,1
BRDA:36,2,0,17
BRDA:84,3,0,71
BRDA:88,4,0,122
BRDA:93,5,0,51
BRDA:97,6,0,0
BRDA:107,7,0,71
BRDA:110,8,0,56
BRDA:111,9,0,6
BRDA:112,10,0,6
BRDA:113,11,0,4
BRDA:120,12,0,67
BRDA:123,13,0,52
BRDA:124,14,0,2
BRDA:124,15,0,50
BRDA:125,16,0,45
BRDA:132,17,0,22
BRDA:135,18,0,15
BRDA:135,19,0,15
BRDA:142,20,0,71
BRDA:149,21,0,70
BRDA:149,22,0,63
BRDA:149,23,0,51
BRDA:156,24,0,20
BRDA:159,25,0,19
BRDA:159,26,0,8
BRDA:46,27,0,71
BRDA:47,28,0,1
BRDA:47,29,0,1
BRDA:62,30,0,70
BRDA:76,31,0,55
BRDA:77,32,0,57
BRDA:173,33,0,1
BRDA:183,34,0,15
BRDA:192,35,0,43
BRDA:199,36,0,10
BRDA:202,37,0,150
BRDA:223,38,0,1
BRDA:238,39,0,15
BRDA:241,40,0,0
BRDA:245,41,0,0
BRDA:245,42,0,0
BRDA:253,43,0,15
BRDA:263,44,0,0
BRDA:256,45,0,225
BRDA:330,46,0,4
BRDA:358,47,0,75
BRDA:367,48,0,11
BRDA:389,49,0,8
BRDA:406,50,0,7
BRDA:406,51,0,1
BRDA:409,52,0,7
BRDA:429,53,0,3
BRDA:448,54,0,8
BRDA:466,55,0,6
BRDA:486,56,0,5
BRDA:514,57,0,0
BRDA:515,58,0,0
BRDA:520,59,0,4
BRDA:585,60,0,0
BRDA:586,61,0,0
BRDA:587,62,0,0
BRDA:588,63,0,0
BRDA:592,64,0,10
BRDA:601,65,0,5
BRDA:603,66,0,1
BRDA:607,67,0,4
BRDA:609,68,0,1
BRDA:613,69,0,3
BRDA:615,70,0,1
BRDA:619,71,0,2
BRDA:621,72,0,1
BRDA:636,73,0,1
BRDA:640,74,0,4
BRDA:642,75,0,1
BRDA:646,76,0,3
BRDA:648,77,0,1
BRDA:652,78,0,2
BRDA:654,79,0,1
BRDA:669,80,0,0
BRF:81
BRH:69
end_of_record
TN:
SF:models/Appointment.js
FNF:0
FNH:0
DA:1,1
DA:2,1
DA:3,1
DA:4,1
DA:5,1
DA:6,1
DA:7,1
DA:8,1
DA:9,1
DA:10,1
DA:11,1
DA:12,1
DA:13,1
DA:14,1
DA:15,1
DA:16,1
DA:17,1
DA:18,1
DA:19,1
DA:20,1
DA:21,1
DA:22,1
DA:23,1
DA:24,1
DA:25,1
DA:26,1
DA:27,1
DA:28,1
DA:29,1
DA:30,1
DA:31,1
DA:32,1
DA:33,1
DA:34,1
DA:35,1
DA:36,1
DA:37,1
DA:38,1
DA:39,1
DA:40,1
DA:41,1
DA:42,1
DA:43,1
DA:44,1
DA:45,1
DA:46,1
DA:47,1
DA:48,1
DA:49,1
DA:50,1
DA:51,1
DA:52,1
DA:53,1
DA:54,1
LF:54
LH:54
BRF:0
BRH:0
end_of_record
TN:
SF:models/Comment.js
FNF:0
FNH:0
DA:1,1
DA:2,1
DA:3,1
DA:4,1
DA:5,1
DA:6,1
DA:7,1
DA:8,1
DA:9,1
DA:10,1
DA:11,1
DA:12,1
DA:13,1
DA:14,1
DA:15,1
DA:16,1
DA:17,1
DA:18,1
DA:19,1
DA:20,1
DA:21,1
DA:22,1
DA:23,1
DA:24,1
DA:25,1
DA:26,1
DA:27,1
DA:28,1
LF:28
LH:28
BRF:0
BRH:0
end_of_record
TN:
SF:models/Location.js
FNF:0
FNH:0
DA:1,1
DA:2,1
DA:3,1
DA:4,1
DA:5,1
DA:6,1
DA:7,1
DA:8,1
DA:9,1
DA:10,1
DA:11,1
DA:12,1
DA:13,1
DA:14,1
DA:15,1
DA:16,1
DA:17,1
DA:18,1
DA:19,1
DA:20,1
DA:21,1
DA:22,1
DA:23,1
DA:24,1
DA:25,1
DA:26,1
DA:27,1
DA:28,1
DA:29,1
DA:30,1
DA:31,1
DA:32,1
DA:33,1
DA:34,1
DA:35,1
DA:36,1
DA:37,1
DA:38,1
DA:39,1
DA:40,1
DA:41,1
DA:42,1
LF:42
LH:42
BRF:0
BRH:0
end_of_record
TN:
SF:models/Notification.js
FNF:0
FNH:0
DA:1,1
DA:2,1
DA:3,1
DA:4,1
DA:5,1
DA:6,1
DA:7,1
DA:8,1
DA:9,1
DA:10,1
DA:11,1
DA:12,1
DA:13,1
DA:14,1
DA:15,1
DA:16,1
DA:17,1
DA:18,1
DA:19,1
DA:20,1
DA:21,1
DA:22,1
DA:23,1
DA:24,1
DA:25,1
DA:26,1
DA:27,1
DA:28,1
LF:28
LH:28
BRF:0
BRH:0
end_of_record
TN:
SF:models/Slot.js
FNF:0
FNH:0
DA:1,1
DA:2,1
DA:3,1
DA:4,1
DA:5,1
DA:6,1
DA:7,1
DA:8,1
DA:9,1
DA:10,1
DA:11,1
DA:12,1
DA:13,1
DA:14,1
DA:15,1
DA:16,1
DA:17,1
DA:18,1
DA:19,1
DA:20,1
DA:21,1
DA:22,1
DA:23,1
DA:24,1
DA:25,1
LF:25
LH:25
BRF:0
BRH:0
end_of_record
TN:
SF:models/Waitlist.js
FNF:0
FNH:0
DA:1,1
DA:2,1
DA:3,1
DA:4,1
DA:5,1
DA:6,1
DA:7,1
DA:8,1
DA:9,1
DA:10,1
DA:11,1
DA:12,1
DA:13,1
DA:14,1
DA:15,1
DA:16,1
DA:17,1
DA:18,1
DA:19,1
DA:20,1
DA:21,1
DA:22,1
DA:23,1
DA:24,1
DA:25,1
DA:26,1
DA:27,1
DA:28,1
DA:29,1
DA:30,1
DA:31,1
DA:32,1
DA:33,1
DA:34,1
DA:35,1
DA:36,1
DA:37,1
DA:38,1
DA:39,1
DA:40,1
DA:41,1
LF:41
LH:41
BRF:0
BRH:0
end_of_record
